Luci2/Application/build/outputs/logs/manifest-merger-release-report.txt
-- Merging decision tree log ---
manifest
ADDED from src\main\AndroidManifest.xml:20:1-57:12
INJECTED from src\main\AndroidManifest.xml:20:1-57:12
INJECTED from src\main\AndroidManifest.xml:20:1-57:12
MERGED from [com.android.support.constraint:constraint-layout:1.1.2] AndroidManifest.xml:2:1-11:12
INJECTED from src\main\AndroidManifest.xml:20:1-57:12
INJECTED from src\main\AndroidManifest.xml:20:1-57:12
	package
		ADDED from src\main\AndroidManifest.xml:21:5-43
	android:versionName
		ADDED from src\main\AndroidManifest.xml:23:5-30
		INJECTED from src\main\AndroidManifest.xml
		INJECTED from src\main\AndroidManifest.xml
	xmlns:android
		ADDED from src\main\AndroidManifest.xml:20:11-69
	android:versionCode
		ADDED from src\main\AndroidManifest.xml:22:5-28
		INJECTED from src\main\AndroidManifest.xml
		INJECTED from src\main\AndroidManifest.xml
uses-feature#android.hardware.bluetooth_le
ADDED from src\main\AndroidManifest.xml:31:5-89
	android:required
		ADDED from src\main\AndroidManifest.xml:31:64-87
	android:name
		ADDED from src\main\AndroidManifest.xml:31:19-63
uses-permission#android.permission.BLUETOOTH
ADDED from src\main\AndroidManifest.xml:33:5-67
	android:name
		ADDED from src\main\AndroidManifest.xml:33:22-65
uses-permission#android.permission.BLUETOOTH_ADMIN
ADDED from src\main\AndroidManifest.xml:34:5-73
	android:name
		ADDED from src\main\AndroidManifest.xml:34:22-71
uses-permission#android.permission.ACCESS_COARSE_LOCATION
ADDED from src\main\AndroidManifest.xml:35:5-81
	android:name
		ADDED from src\main\AndroidManifest.xml:35:22-78
uses-permission#android.permission.INTERNET
ADDED from src\main\AndroidManifest.xml:36:5-66
	android:name
		ADDED from src\main\AndroidManifest.xml:36:22-64
application
ADDED from src\main\AndroidManifest.xml:39:5-55:19
MERGED from [com.android.support.constraint:constraint-layout:1.1.2] AndroidManifest.xml:9:5-20
MERGED from [com.android.support.constraint:constraint-layout:1.1.2] AndroidManifest.xml:9:5-20
	android:label
		ADDED from src\main\AndroidManifest.xml:39:18-50
	android:icon
		ADDED from src\main\AndroidManifest.xml:40:9-43
	android:theme
		ADDED from src\main\AndroidManifest.xml:41:9-40
activity#com.objectsyndicate.luciscan.DeviceControlActivity
ADDED from src\main\AndroidManifest.xml:43:9-58
	android:name
		ADDED from src\main\AndroidManifest.xml:43:19-56
activity#com.objectsyndicate.luciscan.DeviceScanActivity
ADDED from src\main\AndroidManifest.xml:44:9-50:20
	android:label
		ADDED from src\main\AndroidManifest.xml:44:54-86
	android:name
		ADDED from src\main\AndroidManifest.xml:44:19-53
intent-filter#action:name:android.intent.action.MAIN+category:name:android.intent.category.LAUNCHER
ADDED from src\main\AndroidManifest.xml:45:9-48:25
action#android.intent.action.MAIN
ADDED from src\main\AndroidManifest.xml:46:13-64
	android:name
		ADDED from src\main\AndroidManifest.xml:46:21-62
category#android.intent.category.LAUNCHER
ADDED from src\main\AndroidManifest.xml:47:13-72
	android:name
		ADDED from src\main\AndroidManifest.xml:47:23-70
service#com.objectsyndicate.luciscan.BluetoothLeService
ADDED from src\main\AndroidManifest.xml:51:9-77
	android:enabled
		ADDED from src\main\AndroidManifest.xml:51:53-75
	android:name
		ADDED from src\main\AndroidManifest.xml:51:18-52
uses-sdk
INJECTED from src\main\AndroidManifest.xml reason: use-sdk injection requested
INJECTED from src\main\AndroidManifest.xml
INJECTED from src\main\AndroidManifest.xml
MERGED from [com.android.support.constraint:constraint-layout:1.1.2] AndroidManifest.xml:5:5-7:41
MERGED from [com.android.support.constraint:constraint-layout:1.1.2] AndroidManifest.xml:5:5-7:41
INJECTED from src\main\AndroidManifest.xml
INJECTED from src\main\AndroidManifest.xml
	android:targetSdkVersion
		INJECTED from src\main\AndroidManifest.xml
		ADDED from src\main\AndroidManifest.xml
		INJECTED from src\main\AndroidManifest.xml
	android:minSdkVersion
		INJECTED from src\main\AndroidManifest.xml
		ADDED from src\main\AndroidManifest.xml
		INJECTED from src\main\AndroidManifest.xml